  hp_block.c
c1 : fatal error C1083: Cannot open source file: 'hp_block.c': No such file or directory
  hp_clear.c
c1 : fatal error C1083: Cannot open source file: 'hp_clear.c': No such file or directory
  hp_close.c
c1 : fatal error C1083: Cannot open source file: 'hp_close.c': No such file or directory
  hp_create.c
c1 : fatal error C1083: Cannot open source file: 'hp_create.c': No such file or directory
  hp_delete.c
c1 : fatal error C1083: Cannot open source file: 'hp_delete.c': No such file or directory
  hp_extra.c
c1 : fatal error C1083: Cannot open source file: 'hp_extra.c': No such file or directory
  hp_hash.c
c1 : fatal error C1083: Cannot open source file: 'hp_hash.c': No such file or directory
  hp_info.c
c1 : fatal error C1083: Cannot open source file: 'hp_info.c': No such file or directory
  hp_open.c
c1 : fatal error C1083: Cannot open source file: 'hp_open.c': No such file or directory
  hp_panic.c
c1 : fatal error C1083: Cannot open source file: 'hp_panic.c': No such file or directory
  hp_rename.c
c1 : fatal error C1083: Cannot open source file: 'hp_rename.c': No such file or directory
  hp_rfirst.c
c1 : fatal error C1083: Cannot open source file: 'hp_rfirst.c': No such file or directory
  hp_rkey.c
c1 : fatal error C1083: Cannot open source file: 'hp_rkey.c': No such file or directory
  hp_rlast.c
c1 : fatal error C1083: Cannot open source file: 'hp_rlast.c': No such file or directory
  hp_rnext.c
c1 : fatal error C1083: Cannot open source file: 'hp_rnext.c': No such file or directory
  hp_rprev.c
c1 : fatal error C1083: Cannot open source file: 'hp_rprev.c': No such file or directory
  hp_rrnd.c
c1 : fatal error C1083: Cannot open source file: 'hp_rrnd.c': No such file or directory
  hp_rsame.c
c1 : fatal error C1083: Cannot open source file: 'hp_rsame.c': No such file or directory
  hp_scan.c
c1 : fatal error C1083: Cannot open source file: 'hp_scan.c': No such file or directory
  hp_static.c
c1 : fatal error C1083: Cannot open source file: 'hp_static.c': No such file or directory
  Generating Code...
  Compiling...
  hp_update.c
c1 : fatal error C1083: Cannot open source file: 'hp_update.c': No such file or directory
  hp_write.c
c1 : fatal error C1083: Cannot open source file: 'hp_write.c': No such file or directory
  _check.c
c1 : fatal error C1083: Cannot open source file: '_check.c': No such file or directory
  _rectest.c
c1 : fatal error C1083: Cannot open source file: '_rectest.c': No such file or directory
  Generating Code...
